ONLYOFFICE_FONTS_VERSION_11
/opt/onlyoffice/desktopeditors/fonts/ASC.ttf
/opt/onlyoffice/desktopeditors/fonts/LICENSE.txt
/opt/onlyoffice/desktopeditors/fonts/OpenSans-Bold.ttf
/opt/onlyoffice/desktopeditors/fonts/OpenSans-ExtraBold.ttf
/opt/onlyoffice/desktopeditors/fonts/OpenSans-Light.ttf
/opt/onlyoffice/desktopeditors/fonts/OpenSans-Regular.ttf
/opt/onlyoffice/desktopeditors/fonts/OpenSans-Semibold.ttf
/opt/onlyoffice/desktopeditors/fonts/asana/ASANA.ttc
/opt/onlyoffice/desktopeditors/fonts/asana/LICENSE.txt
/opt/onlyoffice/desktopeditors/fonts/caladea/LICENSE.txt
/opt/onlyoffice/desktopeditors/fonts/caladea/caladea-bold.ttf
/opt/onlyoffice/desktopeditors/fonts/caladea/caladea-bolditalic.ttf
/opt/onlyoffice/desktopeditors/fonts/caladea/caladea-italic.ttf
/opt/onlyoffice/desktopeditors/fonts/caladea/caladea-regular.ttf
/opt/onlyoffice/desktopeditors/fonts/crosextra/Carlito-Bold.ttf
/opt/onlyoffice/desktopeditors/fonts/crosextra/Carlito-BoldItalic.ttf
/opt/onlyoffice/desktopeditors/fonts/crosextra/Carlito-Italic.ttf
/opt/onlyoffice/desktopeditors/fonts/crosextra/Carlito-Regular.ttf
/opt/onlyoffice/desktopeditors/fonts/crosextra/LICENSE.txt
/opt/onlyoffice/desktopeditors/fonts/openoffice/LICENSE.txt
/opt/onlyoffice/desktopeditors/fonts/openoffice/opens___.ttf
/usr/share/fonts/TTF/DejaVuMathTeXGyre.ttf
/usr/share/fonts/TTF/DejaVuSans-Bold.ttf
/usr/share/fonts/TTF/DejaVuSans-BoldOblique.ttf
/usr/share/fonts/TTF/DejaVuSans-ExtraLight.ttf
/usr/share/fonts/TTF/DejaVuSans-Oblique.ttf
/usr/share/fonts/TTF/DejaVuSans.ttf
/usr/share/fonts/TTF/DejaVuSansCondensed-Bold.ttf
/usr/share/fonts/TTF/DejaVuSansCondensed-BoldOblique.ttf
/usr/share/fonts/TTF/DejaVuSansCondensed-Oblique.ttf
/usr/share/fonts/TTF/DejaVuSansCondensed.ttf
/usr/share/fonts/TTF/DejaVuSansMono-Bold.ttf
/usr/share/fonts/TTF/DejaVuSansMono-BoldOblique.ttf
/usr/share/fonts/TTF/DejaVuSansMono-Oblique.ttf
/usr/share/fonts/TTF/DejaVuSansMono.ttf
/usr/share/fonts/TTF/DejaVuSerif-Bold.ttf
/usr/share/fonts/TTF/DejaVuSerif-BoldItalic.ttf
/usr/share/fonts/TTF/DejaVuSerif-Italic.ttf
/usr/share/fonts/TTF/DejaVuSerif.ttf
/usr/share/fonts/TTF/DejaVuSerifCondensed-Bold.ttf
/usr/share/fonts/TTF/DejaVuSerifCondensed-BoldItalic.ttf
/usr/share/fonts/TTF/DejaVuSerifCondensed-Italic.ttf
/usr/share/fonts/TTF/DejaVuSerifCondensed.ttf
/usr/share/fonts/adobe-source-code-pro/SourceCodePro-Black.otf
/usr/share/fonts/adobe-source-code-pro/SourceCodePro-BlackIt.otf
/usr/share/fonts/adobe-source-code-pro/SourceCodePro-Bold.otf
/usr/share/fonts/adobe-source-code-pro/SourceCodePro-BoldIt.otf
/usr/share/fonts/adobe-source-code-pro/SourceCodePro-ExtraLight.otf
/usr/share/fonts/adobe-source-code-pro/SourceCodePro-ExtraLightIt.otf
/usr/share/fonts/adobe-source-code-pro/SourceCodePro-It.otf
/usr/share/fonts/adobe-source-code-pro/SourceCodePro-Light.otf
/usr/share/fonts/adobe-source-code-pro/SourceCodePro-LightIt.otf
/usr/share/fonts/adobe-source-code-pro/SourceCodePro-Medium.otf
/usr/share/fonts/adobe-source-code-pro/SourceCodePro-MediumIt.otf
/usr/share/fonts/adobe-source-code-pro/SourceCodePro-Regular.otf
/usr/share/fonts/adobe-source-code-pro/SourceCodePro-Semibold.otf
/usr/share/fonts/adobe-source-code-pro/SourceCodePro-SemiboldIt.otf
/usr/share/fonts/adobe-source-code-pro/SourceCodeVF-Italic.otf
/usr/share/fonts/adobe-source-code-pro/SourceCodeVF-Upright.otf
/usr/share/fonts/cantarell/Cantarell-VF.otf
/usr/share/fonts/carlito/Carlito-Bold.ttf
/usr/share/fonts/carlito/Carlito-BoldItalic.ttf
/usr/share/fonts/carlito/Carlito-Italic.ttf
/usr/share/fonts/carlito/Carlito-Regular.ttf
/usr/share/fonts/encodings/adobe-dingbats.enc.gz
/usr/share/fonts/encodings/adobe-standard.enc.gz
/usr/share/fonts/encodings/adobe-symbol.enc.gz
/usr/share/fonts/encodings/armscii-8.enc.gz
/usr/share/fonts/encodings/ascii-0.enc.gz
/usr/share/fonts/encodings/dec-special.enc.gz
/usr/share/fonts/encodings/encodings.dir
/usr/share/fonts/encodings/ibm-cp437.enc.gz
/usr/share/fonts/encodings/ibm-cp850.enc.gz
/usr/share/fonts/encodings/ibm-cp852.enc.gz
/usr/share/fonts/encodings/ibm-cp866.enc.gz
/usr/share/fonts/encodings/iso8859-11.enc.gz
/usr/share/fonts/encodings/iso8859-13.enc.gz
/usr/share/fonts/encodings/iso8859-14.enc.gz
/usr/share/fonts/encodings/iso8859-16.enc.gz
/usr/share/fonts/encodings/iso8859-6.16.enc.gz
/usr/share/fonts/encodings/iso8859-6.8x.enc.gz
/usr/share/fonts/encodings/large/big5.eten-0.enc.gz
/usr/share/fonts/encodings/large/big5hkscs-0.enc.gz
/usr/share/fonts/encodings/large/cns11643-1.enc.gz
/usr/share/fonts/encodings/large/cns11643-2.enc.gz
/usr/share/fonts/encodings/large/cns11643-3.enc.gz
/usr/share/fonts/encodings/large/encodings.dir
/usr/share/fonts/encodings/large/gb18030-0.enc.gz
/usr/share/fonts/encodings/large/gb18030.2000-0.enc.gz
/usr/share/fonts/encodings/large/gb18030.2000-1.enc.gz
/usr/share/fonts/encodings/large/gb2312.1980-0.enc.gz
/usr/share/fonts/encodings/large/gbk-0.enc.gz
/usr/share/fonts/encodings/large/jisx0201.1976-0.enc.gz
/usr/share/fonts/encodings/large/jisx0208.1990-0.enc.gz
/usr/share/fonts/encodings/large/jisx0212.1990-0.enc.gz
/usr/share/fonts/encodings/large/ksc5601.1987-0.enc.gz
/usr/share/fonts/encodings/large/ksc5601.1992-3.enc.gz
/usr/share/fonts/encodings/large/sun.unicode.india-0.enc.gz
/usr/share/fonts/encodings/microsoft-cp1250.enc.gz
/usr/share/fonts/encodings/microsoft-cp1251.enc.gz
/usr/share/fonts/encodings/microsoft-cp1252.enc.gz
/usr/share/fonts/encodings/microsoft-cp1253.enc.gz
/usr/share/fonts/encodings/microsoft-cp1254.enc.gz
/usr/share/fonts/encodings/microsoft-cp1255.enc.gz
/usr/share/fonts/encodings/microsoft-cp1256.enc.gz
/usr/share/fonts/encodings/microsoft-cp1257.enc.gz
/usr/share/fonts/encodings/microsoft-cp1258.enc.gz
/usr/share/fonts/encodings/microsoft-win3.1.enc.gz
/usr/share/fonts/encodings/mulearabic-0.enc.gz
/usr/share/fonts/encodings/mulearabic-1.enc.gz
/usr/share/fonts/encodings/mulearabic-2.enc.gz
/usr/share/fonts/encodings/mulelao-1.enc.gz
/usr/share/fonts/encodings/suneu-greek.enc.gz
/usr/share/fonts/encodings/tcvn-0.enc.gz
/usr/share/fonts/encodings/tis620-2.enc.gz
/usr/share/fonts/encodings/viscii1.1-1.enc.gz
/usr/share/fonts/gsfonts/C059-BdIta.otf
/usr/share/fonts/gsfonts/C059-Bold.otf
/usr/share/fonts/gsfonts/C059-Italic.otf
/usr/share/fonts/gsfonts/C059-Roman.otf
/usr/share/fonts/gsfonts/D050000L.otf
/usr/share/fonts/gsfonts/NimbusMonoPS-Bold.otf
/usr/share/fonts/gsfonts/NimbusMonoPS-BoldItalic.otf
/usr/share/fonts/gsfonts/NimbusMonoPS-Italic.otf
/usr/share/fonts/gsfonts/NimbusMonoPS-Regular.otf
/usr/share/fonts/gsfonts/NimbusRoman-Bold.otf
/usr/share/fonts/gsfonts/NimbusRoman-BoldItalic.otf
/usr/share/fonts/gsfonts/NimbusRoman-Italic.otf
/usr/share/fonts/gsfonts/NimbusRoman-Regular.otf
/usr/share/fonts/gsfonts/NimbusSans-Bold.otf
/usr/share/fonts/gsfonts/NimbusSans-BoldItalic.otf
/usr/share/fonts/gsfonts/NimbusSans-Italic.otf
/usr/share/fonts/gsfonts/NimbusSans-Regular.otf
/usr/share/fonts/gsfonts/NimbusSansNarrow-Bold.otf
/usr/share/fonts/gsfonts/NimbusSansNarrow-BoldOblique.otf
/usr/share/fonts/gsfonts/NimbusSansNarrow-Oblique.otf
/usr/share/fonts/gsfonts/NimbusSansNarrow-Regular.otf
/usr/share/fonts/gsfonts/P052-Bold.otf
/usr/share/fonts/gsfonts/P052-BoldItalic.otf
/usr/share/fonts/gsfonts/P052-Italic.otf
/usr/share/fonts/gsfonts/P052-Roman.otf
/usr/share/fonts/gsfonts/StandardSymbolsPS.otf
/usr/share/fonts/gsfonts/URWBookman-Demi.otf
/usr/share/fonts/gsfonts/URWBookman-DemiItalic.otf
/usr/share/fonts/gsfonts/URWBookman-Light.otf
/usr/share/fonts/gsfonts/URWBookman-LightItalic.otf
/usr/share/fonts/gsfonts/URWGothic-Book.otf
/usr/share/fonts/gsfonts/URWGothic-BookOblique.otf
/usr/share/fonts/gsfonts/URWGothic-Demi.otf
/usr/share/fonts/gsfonts/URWGothic-DemiOblique.otf
/usr/share/fonts/gsfonts/Z003-MediumItalic.otf
/usr/share/fonts/liberation/LiberationMono-Bold.ttf
/usr/share/fonts/liberation/LiberationMono-BoldItalic.ttf
/usr/share/fonts/liberation/LiberationMono-Italic.ttf
/usr/share/fonts/liberation/LiberationMono-Regular.ttf
/usr/share/fonts/liberation/LiberationSans-Bold.ttf
/usr/share/fonts/liberation/LiberationSans-BoldItalic.ttf
/usr/share/fonts/liberation/LiberationSans-Italic.ttf
/usr/share/fonts/liberation/LiberationSans-Regular.ttf
/usr/share/fonts/liberation/LiberationSerif-Bold.ttf
/usr/share/fonts/liberation/LiberationSerif-BoldItalic.ttf
/usr/share/fonts/liberation/LiberationSerif-Italic.ttf
/usr/share/fonts/liberation/LiberationSerif-Regular.ttf
/usr/share/fonts/misc/ter-u12b.otb
/usr/share/fonts/misc/ter-u12n.otb
/usr/share/fonts/misc/ter-u14b.otb
/usr/share/fonts/misc/ter-u14n.otb
/usr/share/fonts/misc/ter-u16b.otb
/usr/share/fonts/misc/ter-u16n.otb
/usr/share/fonts/misc/ter-u18b.otb
/usr/share/fonts/misc/ter-u18n.otb
/usr/share/fonts/misc/ter-u20b.otb
/usr/share/fonts/misc/ter-u20n.otb
/usr/share/fonts/misc/ter-u22b.otb
/usr/share/fonts/misc/ter-u22n.otb
/usr/share/fonts/misc/ter-u24b.otb
/usr/share/fonts/misc/ter-u24n.otb
/usr/share/fonts/misc/ter-u28b.otb
/usr/share/fonts/misc/ter-u28n.otb
/usr/share/fonts/misc/ter-u32b.otb
/usr/share/fonts/misc/ter-u32n.otb
/usr/share/fonts/misc/ter-x12b.pcf.gz
/usr/share/fonts/misc/ter-x12n.pcf.gz
/usr/share/fonts/misc/ter-x14b.pcf.gz
/usr/share/fonts/misc/ter-x14n.pcf.gz
/usr/share/fonts/misc/ter-x16b.pcf.gz
/usr/share/fonts/misc/ter-x16n.pcf.gz
/usr/share/fonts/misc/ter-x18b.pcf.gz
/usr/share/fonts/misc/ter-x18n.pcf.gz
/usr/share/fonts/misc/ter-x20b.pcf.gz
/usr/share/fonts/misc/ter-x20n.pcf.gz
/usr/share/fonts/misc/ter-x22b.pcf.gz
/usr/share/fonts/misc/ter-x22n.pcf.gz
/usr/share/fonts/misc/ter-x24b.pcf.gz
/usr/share/fonts/misc/ter-x24n.pcf.gz
/usr/share/fonts/misc/ter-x28b.pcf.gz
/usr/share/fonts/misc/ter-x28n.pcf.gz
/usr/share/fonts/misc/ter-x32b.pcf.gz
/usr/share/fonts/misc/ter-x32n.pcf.gz
